h:\assignment1\assignment1\debug\vc140.pdb
h:\assignment1\assignment1\debug\vc140.idb
h:\assignment1\assignment1\debug\main.obj
d:\assignment1\assignment1\debug\vc140.pdb
d:\assignment1\assignment1\debug\vc140.idb
d:\assignment1\assignment1\debug\main.obj
d:\gametools\assignment1\assignment1\debug\vc140.pdb
d:\gametools\assignment1\assignment1\debug\vc140.idb
d:\gametools\assignment1\assignment1\debug\main.obj
h:\assignment1\debug\assignment1.ilk
h:\assignment1\debug\assignment1.exe
h:\assignment1\debug\assignment1.pdb
d:\assignment1\debug\assignment1.ilk
d:\assignment1\debug\assignment1.exe
d:\assignment1\debug\assignment1.pdb
d:\gametools\assignment1\debug\assignment1.ilk
d:\gametools\assignment1\debug\assignment1.exe
d:\gametools\assignment1\debug\assignment1.pdb
d:\jenkins\jenkinsproject1\gametools\assignment1\debug\main.obj
d:\jenkins\jenkinsproject1\gametools\assignment1\debug\main.obj.enc
d:\jenkins\jenkinsproject1\gametools\assignment1\debug\vc140.idb
d:\jenkins\jenkinsproject1\gametools\assignment1\debug\vc140.pdb
d:\jenkins\jenkinsproject1\gametools\debug\assignment1.pdb
d:\jenkins\jenkinsproject1\gametools\debug\assignment1.exe
d:\jenkins\jenkinsproject1\gametools\debug\assignment1.ilk
d:\jenkins\jenkinsproject1\gametools\assignment1\debug\assignment1.tlog\cl.command.1.tlog
d:\jenkins\jenkinsproject1\gametools\assignment1\debug\assignment1.tlog\cl.read.1.tlog
d:\jenkins\jenkinsproject1\gametools\assignment1\debug\assignment1.tlog\cl.write.1.tlog
d:\jenkins\jenkinsproject1\gametools\assignment1\debug\assignment1.tlog\link.command.1.tlog
d:\jenkins\jenkinsproject1\gametools\assignment1\debug\assignment1.tlog\link.read.1.tlog
d:\jenkins\jenkinsproject1\gametools\assignment1\debug\assignment1.tlog\link.write.1.tlog
